2024-12-08 01:21:33 [INFO] Previous configuration loaded. [Total tickets : 50, Ticket Release Rate : 4, Customer Purchase Rate : 5, Max Ticket Capacity : 100]
2024-12-08 01:21:43 [INFO] Application starting...
2024-12-08 01:21:47 [INFO] Vendor 1 added 4 tickets. Total Tickets : 54
2024-12-08 01:21:47 [INFO] Vendor 2 added 4 tickets. Total Tickets : 58
2024-12-08 01:21:47 [INFO] Customer 1 purchased 5 tickets. Total Tickets : 53
2024-12-08 01:21:47 [INFO] Customer 2 purchased 5 tickets. Total Tickets : 48
2024-12-08 01:21:48 [INFO] Vendor 2 added 4 tickets. Total Tickets : 52
2024-12-08 01:21:48 [INFO] Customer 1 purchased 5 tickets. Total Tickets : 47
2024-12-08 01:21:48 [INFO] Vendor 1 added 4 tickets. Total Tickets : 51
2024-12-08 01:21:48 [INFO] Customer 2 purchased 5 tickets. Total Tickets : 46
2024-12-08 01:21:49 [INFO] Vendor 2 added 4 tickets. Total Tickets : 50
2024-12-08 01:21:49 [INFO] Customer 1 purchased 5 tickets. Total Tickets : 45
2024-12-08 01:21:49 [INFO] Vendor 1 added 4 tickets. Total Tickets : 49
2024-12-08 01:21:49 [INFO] Customer 2 purchased 5 tickets. Total Tickets : 44
2024-12-08 01:21:50 [INFO] Vendor 2 added 4 tickets. Total Tickets : 48
2024-12-08 01:21:50 [INFO] Customer 1 purchased 5 tickets. Total Tickets : 43
2024-12-08 01:21:50 [INFO] Customer 2 purchased 5 tickets. Total Tickets : 38
2024-12-08 01:21:50 [INFO] Vendor 1 added 4 tickets. Total Tickets : 42
2024-12-08 01:21:50 [WARN] Customer 1 has been interruped/stopped
2024-12-08 01:21:50 [WARN] Vendor 2 has been interruped/stopped
2024-12-08 01:21:50 [WARN] Vendor 1 has been interruped/stopped
2024-12-08 01:21:50 [WARN] Customer 2 has been interruped/stopped
2024-12-08 01:32:01 [INFO] Previous configuration loaded. [Total tickets : 50, Ticket Release Rate : 4, Customer Purchase Rate : 5, Max Ticket Capacity : 100]
2024-12-08 01:32:06 [INFO] Application reset
2024-12-08 01:32:35 [INFO] New configuration saved. [Total tickets : 2, Ticket Release Rate : 2, Customer Purchase Rate : 4, Max Ticket Capacity : 3]
2024-12-08 01:32:48 [INFO] Application reset
2024-12-08 01:33:01 [INFO] Previous configuration loaded. [Total tickets : 2, Ticket Release Rate : 2, Customer Purchase Rate : 4, Max Ticket Capacity : 3]
2024-12-08 01:33:26 [INFO] Application reset
2024-12-08 01:33:44 [INFO] New configuration saved. [Total tickets : 50, Ticket Release Rate : 5, Customer Purchase Rate : 5, Max Ticket Capacity : 100]
2024-12-08 01:33:51 [INFO] Application starting...
2024-12-08 01:33:55 [INFO] Vendor 1 added 5 tickets. Total Tickets : 55
2024-12-08 01:33:55 [INFO] Vendor 2 added 5 tickets. Total Tickets : 60
2024-12-08 01:33:55 [INFO] Customer 2 purchased 5 tickets. Total Tickets : 55
2024-12-08 01:33:55 [INFO] Customer 1 purchased 5 tickets. Total Tickets : 50
2024-12-08 01:33:56 [INFO] Vendor 1 added 5 tickets. Total Tickets : 55
2024-12-08 01:33:56 [INFO] Customer 2 purchased 5 tickets. Total Tickets : 50
2024-12-08 01:33:56 [INFO] Vendor 2 added 5 tickets. Total Tickets : 55
2024-12-08 01:33:56 [INFO] Customer 1 purchased 5 tickets. Total Tickets : 50
2024-12-08 01:33:57 [INFO] Vendor 1 added 5 tickets. Total Tickets : 55
2024-12-08 01:33:57 [INFO] Customer 2 purchased 5 tickets. Total Tickets : 50
2024-12-08 01:33:57 [INFO] Vendor 2 added 5 tickets. Total Tickets : 55
2024-12-08 01:33:57 [INFO] Customer 1 purchased 5 tickets. Total Tickets : 50
2024-12-08 01:33:58 [INFO] Customer 2 purchased 5 tickets. Total Tickets : 45
2024-12-08 01:33:58 [INFO] Vendor 1 added 5 tickets. Total Tickets : 50
2024-12-08 01:33:58 [INFO] Vendor 2 added 5 tickets. Total Tickets : 55
2024-12-08 01:33:58 [INFO] Customer 1 purchased 5 tickets. Total Tickets : 50
2024-12-08 01:33:59 [INFO] Customer 2 purchased 5 tickets. Total Tickets : 45
2024-12-08 01:33:59 [INFO] Vendor 1 added 5 tickets. Total Tickets : 50
2024-12-08 01:33:59 [INFO] Vendor 2 added 5 tickets. Total Tickets : 55
2024-12-08 01:33:59 [INFO] Customer 1 purchased 5 tickets. Total Tickets : 50
2024-12-08 01:34:00 [INFO] Customer 2 purchased 5 tickets. Total Tickets : 45
2024-12-08 01:34:00 [INFO] Vendor 1 added 5 tickets. Total Tickets : 50
2024-12-08 01:34:00 [INFO] Vendor 2 added 5 tickets. Total Tickets : 55
2024-12-08 01:34:00 [INFO] Customer 1 purchased 5 tickets. Total Tickets : 50
2024-12-08 01:34:01 [INFO] Vendor 1 added 5 tickets. Total Tickets : 55
2024-12-08 01:34:01 [INFO] Customer 2 purchased 5 tickets. Total Tickets : 50
2024-12-08 01:34:01 [INFO] Vendor 2 added 5 tickets. Total Tickets : 55
2024-12-08 01:34:01 [INFO] Customer 1 purchased 5 tickets. Total Tickets : 50
2024-12-08 01:34:02 [INFO] Customer 2 purchased 5 tickets. Total Tickets : 45
2024-12-08 01:34:02 [INFO] Vendor 1 added 5 tickets. Total Tickets : 50
2024-12-08 01:34:02 [INFO] Vendor 2 added 5 tickets. Total Tickets : 55
2024-12-08 01:34:02 [INFO] Customer 1 purchased 5 tickets. Total Tickets : 50
2024-12-08 01:34:03 [INFO] Vendor 1 added 5 tickets. Total Tickets : 55
2024-12-08 01:34:03 [INFO] Customer 2 purchased 5 tickets. Total Tickets : 50
2024-12-08 01:34:03 [INFO] Customer 1 purchased 5 tickets. Total Tickets : 45
2024-12-08 01:34:03 [INFO] Vendor 2 added 5 tickets. Total Tickets : 50
2024-12-08 01:34:04 [WARN] Vendor 1 has been interruped/stopped
2024-12-08 01:34:04 [WARN] Customer 2 has been interruped/stopped
2024-12-08 01:34:04 [WARN] Customer 1 has been interruped/stopped
2024-12-08 01:34:04 [WARN] Vendor 2 has been interruped/stopped
2024-12-08 01:38:23 [INFO] Previous configuration loaded. [Total tickets : 50, Ticket Release Rate : 5, Customer Purchase Rate : 5, Max Ticket Capacity : 100]
2024-12-08 01:38:31 [INFO] Application starting...
2024-12-08 01:38:35 [INFO] Vendor 1 added 5 tickets. Total Tickets : 55
2024-12-08 01:38:35 [INFO] Vendor 5 added 5 tickets. Total Tickets : 60
2024-12-08 01:38:35 [INFO] Customer 3 purchased 5 tickets. Total Tickets : 55
2024-12-08 01:38:35 [INFO] Customer 1 purchased 5 tickets. Total Tickets : 50
2024-12-08 01:38:35 [INFO] Vendor 2 added 5 tickets. Total Tickets : 55
2024-12-08 01:38:35 [INFO] Vendor 9 added 5 tickets. Total Tickets : 60
2024-12-08 01:38:35 [INFO] Vendor 4 added 5 tickets. Total Tickets : 65
2024-12-08 01:38:35 [INFO] Vendor 6 added 5 tickets. Total Tickets : 70
2024-12-08 01:38:35 [INFO] Vendor 8 added 5 tickets. Total Tickets : 75
2024-12-08 01:38:35 [INFO] Customer 8 purchased 5 tickets. Total Tickets : 70
2024-12-08 01:38:35 [INFO] Vendor 3 added 5 tickets. Total Tickets : 75
2024-12-08 01:38:35 [INFO] Customer 2 purchased 5 tickets. Total Tickets : 70
2024-12-08 01:38:35 [INFO] Vendor 7 added 5 tickets. Total Tickets : 75
2024-12-08 01:38:35 [INFO] Customer 4 purchased 5 tickets. Total Tickets : 70
2024-12-08 01:38:35 [INFO] Customer 5 purchased 5 tickets. Total Tickets : 65
2024-12-08 01:38:35 [INFO] Customer 6 purchased 5 tickets. Total Tickets : 60
2024-12-08 01:38:35 [INFO] Customer 7 purchased 5 tickets. Total Tickets : 55
2024-12-08 01:38:35 [INFO] Customer 9 purchased 5 tickets. Total Tickets : 50
2024-12-08 01:38:35 [INFO] Customer 10 purchased 5 tickets. Total Tickets : 45
2024-12-08 01:38:35 [INFO] Vendor 10 added 5 tickets. Total Tickets : 50
2024-12-08 01:38:36 [INFO] Vendor 1 added 5 tickets. Total Tickets : 55
2024-12-08 01:38:36 [INFO] Customer 1 purchased 5 tickets. Total Tickets : 50
2024-12-08 01:38:36 [INFO] Vendor 5 added 5 tickets. Total Tickets : 55
2024-12-08 01:38:36 [INFO] Vendor 2 added 5 tickets. Total Tickets : 60
2024-12-08 01:38:36 [INFO] Vendor 9 added 5 tickets. Total Tickets : 65
2024-12-08 01:38:36 [INFO] Customer 3 purchased 5 tickets. Total Tickets : 60
2024-12-08 01:38:36 [INFO] Vendor 4 added 5 tickets. Total Tickets : 65
2024-12-08 01:38:36 [INFO] Customer 8 purchased 5 tickets. Total Tickets : 60
2024-12-08 01:38:36 [INFO] Vendor 3 added 5 tickets. Total Tickets : 65
2024-12-08 01:38:36 [INFO] Customer 4 purchased 5 tickets. Total Tickets : 60
2024-12-08 01:38:36 [INFO] Vendor 7 added 5 tickets. Total Tickets : 65
2024-12-08 01:38:36 [INFO] Vendor 8 added 5 tickets. Total Tickets : 70
2024-12-08 01:38:36 [INFO] Vendor 6 added 5 tickets. Total Tickets : 75
2024-12-08 01:38:36 [INFO] Customer 7 purchased 5 tickets. Total Tickets : 70
2024-12-08 01:38:36 [INFO] Customer 2 purchased 5 tickets. Total Tickets : 65
2024-12-08 01:38:36 [INFO] Customer 9 purchased 5 tickets. Total Tickets : 60
2024-12-08 01:38:36 [INFO] Customer 5 purchased 5 tickets. Total Tickets : 55
2024-12-08 01:38:36 [INFO] Vendor 10 added 5 tickets. Total Tickets : 60
2024-12-08 01:38:36 [INFO] Customer 6 purchased 5 tickets. Total Tickets : 55
2024-12-08 01:38:36 [INFO] Customer 10 purchased 5 tickets. Total Tickets : 50
2024-12-08 01:38:37 [INFO] Vendor 1 added 5 tickets. Total Tickets : 55
2024-12-08 01:38:37 [INFO] Customer 1 purchased 5 tickets. Total Tickets : 50
2024-12-08 01:38:37 [INFO] Vendor 5 added 5 tickets. Total Tickets : 55
2024-12-08 01:38:37 [INFO] Vendor 9 added 5 tickets. Total Tickets : 60
2024-12-08 01:38:37 [INFO] Customer 3 purchased 5 tickets. Total Tickets : 55
2024-12-08 01:38:37 [INFO] Vendor 2 added 5 tickets. Total Tickets : 60
2024-12-08 01:38:37 [INFO] Vendor 4 added 5 tickets. Total Tickets : 65
2024-12-08 01:38:37 [INFO] Customer 8 purchased 5 tickets. Total Tickets : 60
2024-12-08 01:38:37 [INFO] Vendor 7 added 5 tickets. Total Tickets : 65
2024-12-08 01:38:37 [INFO] Vendor 8 added 5 tickets. Total Tickets : 70
2024-12-08 01:38:37 [INFO] Customer 4 purchased 5 tickets. Total Tickets : 65
2024-12-08 01:38:37 [INFO] Vendor 3 added 5 tickets. Total Tickets : 70
2024-12-08 01:38:37 [INFO] Vendor 6 added 5 tickets. Total Tickets : 75
2024-12-08 01:38:37 [INFO] Customer 2 purchased 5 tickets. Total Tickets : 70
2024-12-08 01:38:37 [INFO] Customer 7 purchased 5 tickets. Total Tickets : 65
2024-12-08 01:38:37 [INFO] Customer 5 purchased 5 tickets. Total Tickets : 60
2024-12-08 01:38:37 [INFO] Customer 10 purchased 5 tickets. Total Tickets : 55
2024-12-08 01:38:37 [INFO] Customer 6 purchased 5 tickets. Total Tickets : 50
2024-12-08 01:38:37 [INFO] Customer 9 purchased 5 tickets. Total Tickets : 45
2024-12-08 01:38:37 [INFO] Vendor 10 added 5 tickets. Total Tickets : 50
2024-12-08 01:38:38 [INFO] Vendor 1 added 5 tickets. Total Tickets : 55
2024-12-08 01:38:38 [INFO] Customer 1 purchased 5 tickets. Total Tickets : 50
2024-12-08 01:38:38 [INFO] Vendor 9 added 5 tickets. Total Tickets : 55
2024-12-08 01:38:38 [INFO] Customer 3 purchased 5 tickets. Total Tickets : 50
2024-12-08 01:38:38 [INFO] Vendor 5 added 5 tickets. Total Tickets : 55
2024-12-08 01:38:38 [INFO] Vendor 2 added 5 tickets. Total Tickets : 60
2024-12-08 01:38:38 [INFO] Vendor 4 added 5 tickets. Total Tickets : 65
2024-12-08 01:38:38 [INFO] Vendor 7 added 5 tickets. Total Tickets : 70
2024-12-08 01:38:38 [INFO] Vendor 8 added 5 tickets. Total Tickets : 75
2024-12-08 01:38:38 [INFO] Vendor 3 added 5 tickets. Total Tickets : 80
2024-12-08 01:38:38 [INFO] Customer 8 purchased 5 tickets. Total Tickets : 75
2024-12-08 01:38:38 [INFO] Customer 4 purchased 5 tickets. Total Tickets : 70
2024-12-08 01:38:38 [INFO] Vendor 6 added 5 tickets. Total Tickets : 75
2024-12-08 01:38:38 [INFO] Customer 5 purchased 5 tickets. Total Tickets : 70
2024-12-08 01:38:38 [INFO] Customer 7 purchased 5 tickets. Total Tickets : 65
2024-12-08 01:38:38 [INFO] Customer 6 purchased 5 tickets. Total Tickets : 60
2024-12-08 01:38:38 [INFO] Customer 10 purchased 5 tickets. Total Tickets : 55
2024-12-08 01:38:38 [INFO] Vendor 10 added 5 tickets. Total Tickets : 60
2024-12-08 01:38:38 [INFO] Customer 9 purchased 5 tickets. Total Tickets : 55
2024-12-08 01:38:38 [INFO] Customer 2 purchased 5 tickets. Total Tickets : 50
2024-12-08 01:38:39 [INFO] Vendor 1 added 5 tickets. Total Tickets : 55
2024-12-08 01:38:39 [INFO] Customer 1 purchased 5 tickets. Total Tickets : 50
2024-12-08 01:38:39 [INFO] Vendor 2 added 5 tickets. Total Tickets : 55
2024-12-08 01:38:39 [INFO] Customer 3 purchased 5 tickets. Total Tickets : 50
2024-12-08 01:38:39 [INFO] Vendor 9 added 5 tickets. Total Tickets : 55
2024-12-08 01:38:39 [INFO] Vendor 5 added 5 tickets. Total Tickets : 60
2024-12-08 01:38:39 [INFO] Vendor 8 added 5 tickets. Total Tickets : 65
2024-12-08 01:38:39 [INFO] Vendor 7 added 5 tickets. Total Tickets : 70
2024-12-08 01:38:39 [INFO] Vendor 4 added 5 tickets. Total Tickets : 75
2024-12-08 01:38:39 [INFO] Customer 8 purchased 5 tickets. Total Tickets : 70
2024-12-08 01:38:39 [INFO] Vendor 3 added 5 tickets. Total Tickets : 75
2024-12-08 01:38:39 [INFO] Customer 4 purchased 5 tickets. Total Tickets : 70
2024-12-08 01:38:39 [INFO] Vendor 6 added 5 tickets. Total Tickets : 75
2024-12-08 01:38:39 [INFO] Customer 5 purchased 5 tickets. Total Tickets : 70
2024-12-08 01:38:39 [INFO] Customer 10 purchased 5 tickets. Total Tickets : 65
2024-12-08 01:38:39 [INFO] Customer 7 purchased 5 tickets. Total Tickets : 60
2024-12-08 01:38:39 [INFO] Customer 6 purchased 5 tickets. Total Tickets : 55
2024-12-08 01:38:39 [INFO] Customer 9 purchased 5 tickets. Total Tickets : 50
2024-12-08 01:38:39 [INFO] Vendor 10 added 5 tickets. Total Tickets : 55
2024-12-08 01:38:39 [INFO] Customer 2 purchased 5 tickets. Total Tickets : 50
2024-12-08 01:38:40 [INFO] Vendor 1 added 5 tickets. Total Tickets : 55
2024-12-08 01:38:40 [INFO] Customer 1 purchased 5 tickets. Total Tickets : 50
2024-12-08 01:38:40 [INFO] Vendor 2 added 5 tickets. Total Tickets : 55
2024-12-08 01:38:40 [INFO] Vendor 9 added 5 tickets. Total Tickets : 60
2024-12-08 01:38:40 [INFO] Customer 3 purchased 5 tickets. Total Tickets : 55
2024-12-08 01:38:40 [INFO] Vendor 7 added 5 tickets. Total Tickets : 60
2024-12-08 01:38:40 [INFO] Vendor 8 added 5 tickets. Total Tickets : 65
2024-12-08 01:38:40 [INFO] Vendor 5 added 5 tickets. Total Tickets : 70
2024-12-08 01:38:40 [INFO] Vendor 4 added 5 tickets. Total Tickets : 75
2024-12-08 01:38:40 [INFO] Vendor 6 added 5 tickets. Total Tickets : 80
2024-12-08 01:38:40 [INFO] Customer 4 purchased 5 tickets. Total Tickets : 75
2024-12-08 01:38:40 [INFO] Customer 10 purchased 5 tickets. Total Tickets : 70
2024-12-08 01:38:40 [INFO] Customer 7 purchased 5 tickets. Total Tickets : 65
2024-12-08 01:38:40 [INFO] Customer 8 purchased 5 tickets. Total Tickets : 60
2024-12-08 01:38:40 [INFO] Vendor 3 added 5 tickets. Total Tickets : 65
2024-12-08 01:38:40 [INFO] Customer 6 purchased 5 tickets. Total Tickets : 60
2024-12-08 01:38:40 [INFO] Customer 5 purchased 5 tickets. Total Tickets : 55
2024-12-08 01:38:40 [INFO] Customer 2 purchased 5 tickets. Total Tickets : 50
2024-12-08 01:38:40 [INFO] Customer 9 purchased 5 tickets. Total Tickets : 45
2024-12-08 01:38:40 [INFO] Vendor 10 added 5 tickets. Total Tickets : 50
2024-12-08 01:38:41 [INFO] Vendor 1 added 5 tickets. Total Tickets : 55
2024-12-08 01:38:41 [INFO] Customer 1 purchased 5 tickets. Total Tickets : 50
2024-12-08 01:38:41 [INFO] Vendor 2 added 5 tickets. Total Tickets : 55
2024-12-08 01:38:41 [INFO] Customer 3 purchased 5 tickets. Total Tickets : 50
2024-12-08 01:38:41 [INFO] Vendor 9 added 5 tickets. Total Tickets : 55
2024-12-08 01:38:41 [INFO] Vendor 8 added 5 tickets. Total Tickets : 60
2024-12-08 01:38:41 [INFO] Vendor 4 added 5 tickets. Total Tickets : 65
2024-12-08 01:38:41 [INFO] Vendor 7 added 5 tickets. Total Tickets : 70
2024-12-08 01:38:41 [INFO] Vendor 5 added 5 tickets. Total Tickets : 75
2024-12-08 01:38:41 [INFO] Customer 4 purchased 5 tickets. Total Tickets : 70
2024-12-08 01:38:41 [INFO] Vendor 6 added 5 tickets. Total Tickets : 75
2024-12-08 01:38:41 [INFO] Customer 8 purchased 5 tickets. Total Tickets : 70
2024-12-08 01:38:41 [INFO] Customer 10 purchased 5 tickets. Total Tickets : 65
2024-12-08 01:38:41 [INFO] Customer 7 purchased 5 tickets. Total Tickets : 60
2024-12-08 01:38:41 [INFO] Vendor 3 added 5 tickets. Total Tickets : 65
2024-12-08 01:38:41 [INFO] Customer 5 purchased 5 tickets. Total Tickets : 60
2024-12-08 01:38:41 [INFO] Customer 6 purchased 5 tickets. Total Tickets : 55
2024-12-08 01:38:41 [INFO] Customer 2 purchased 5 tickets. Total Tickets : 50
2024-12-08 01:38:41 [INFO] Customer 9 purchased 5 tickets. Total Tickets : 45
2024-12-08 01:38:41 [INFO] Vendor 10 added 5 tickets. Total Tickets : 50
2024-12-08 01:38:42 [INFO] Vendor 1 added 5 tickets. Total Tickets : 55
2024-12-08 01:38:42 [INFO] Customer 1 purchased 5 tickets. Total Tickets : 50
2024-12-08 01:38:42 [INFO] Vendor 8 added 5 tickets. Total Tickets : 55
2024-12-08 01:38:42 [INFO] Vendor 9 added 5 tickets. Total Tickets : 60
2024-12-08 01:38:42 [INFO] Vendor 2 added 5 tickets. Total Tickets : 65
2024-12-08 01:38:42 [INFO] Customer 3 purchased 5 tickets. Total Tickets : 60
2024-12-08 01:38:42 [INFO] Vendor 4 added 5 tickets. Total Tickets : 65
2024-12-08 01:38:42 [INFO] Vendor 5 added 5 tickets. Total Tickets : 70
2024-12-08 01:38:42 [INFO] Vendor 7 added 5 tickets. Total Tickets : 75
2024-12-08 01:38:42 [INFO] Vendor 6 added 5 tickets. Total Tickets : 80
2024-12-08 01:38:42 [INFO] Customer 4 purchased 5 tickets. Total Tickets : 75
2024-12-08 01:38:42 [INFO] Vendor 3 added 5 tickets. Total Tickets : 80
2024-12-08 01:38:42 [INFO] Customer 10 purchased 5 tickets. Total Tickets : 75
2024-12-08 01:38:42 [INFO] Customer 7 purchased 5 tickets. Total Tickets : 70
2024-12-08 01:38:42 [INFO] Customer 8 purchased 5 tickets. Total Tickets : 65
2024-12-08 01:38:42 [INFO] Customer 9 purchased 5 tickets. Total Tickets : 60
2024-12-08 01:38:42 [INFO] Customer 5 purchased 5 tickets. Total Tickets : 55
2024-12-08 01:38:42 [INFO] Customer 2 purchased 5 tickets. Total Tickets : 50
2024-12-08 01:38:42 [INFO] Customer 6 purchased 5 tickets. Total Tickets : 45
2024-12-08 01:38:42 [INFO] Vendor 10 added 5 tickets. Total Tickets : 50
2024-12-08 01:38:43 [INFO] Customer 1 purchased 5 tickets. Total Tickets : 45
2024-12-08 01:38:43 [INFO] Vendor 1 added 5 tickets. Total Tickets : 50
2024-12-08 01:38:43 [INFO] Vendor 4 added 5 tickets. Total Tickets : 55
2024-12-08 01:38:43 [INFO] Vendor 9 added 5 tickets. Total Tickets : 60
2024-12-08 01:38:43 [INFO] Vendor 8 added 5 tickets. Total Tickets : 65
2024-12-08 01:38:43 [INFO] Customer 3 purchased 5 tickets. Total Tickets : 60
2024-12-08 01:38:43 [INFO] Vendor 2 added 5 tickets. Total Tickets : 65
2024-12-08 01:38:43 [INFO] Customer 4 purchased 5 tickets. Total Tickets : 60
2024-12-08 01:38:43 [INFO] Vendor 7 added 5 tickets. Total Tickets : 65
2024-12-08 01:38:43 [INFO] Vendor 5 added 5 tickets. Total Tickets : 70
2024-12-08 01:38:43 [INFO] Vendor 6 added 5 tickets. Total Tickets : 75
2024-12-08 01:38:43 [INFO] Customer 8 purchased 5 tickets. Total Tickets : 70
2024-12-08 01:38:43 [INFO] Customer 7 purchased 5 tickets. Total Tickets : 65
2024-12-08 01:38:43 [INFO] Customer 10 purchased 5 tickets. Total Tickets : 60
2024-12-08 01:38:43 [INFO] Vendor 3 added 5 tickets. Total Tickets : 65
2024-12-08 01:38:43 [INFO] Customer 5 purchased 5 tickets. Total Tickets : 60
2024-12-08 01:38:43 [INFO] Customer 2 purchased 5 tickets. Total Tickets : 55
2024-12-08 01:38:43 [INFO] Customer 9 purchased 5 tickets. Total Tickets : 50
2024-12-08 01:38:43 [INFO] Customer 6 purchased 5 tickets. Total Tickets : 45
2024-12-08 01:38:43 [INFO] Vendor 10 added 5 tickets. Total Tickets : 50
2024-12-08 01:38:44 [INFO] Customer 1 purchased 5 tickets. Total Tickets : 45
2024-12-08 01:38:44 [INFO] Vendor 9 added 5 tickets. Total Tickets : 50
2024-12-08 01:38:44 [INFO] Vendor 1 added 5 tickets. Total Tickets : 55
2024-12-08 01:38:44 [INFO] Vendor 4 added 5 tickets. Total Tickets : 60
2024-12-08 01:38:44 [INFO] Customer 4 purchased 5 tickets. Total Tickets : 55
2024-12-08 01:38:44 [INFO] Vendor 7 added 5 tickets. Total Tickets : 60
2024-12-08 01:38:44 [INFO] Vendor 8 added 5 tickets. Total Tickets : 65
2024-12-08 01:38:44 [INFO] Customer 3 purchased 5 tickets. Total Tickets : 60
2024-12-08 01:38:44 [INFO] Vendor 2 added 5 tickets. Total Tickets : 65
2024-12-08 01:38:44 [INFO] Customer 7 purchased 5 tickets. Total Tickets : 60
2024-12-08 01:38:44 [INFO] Customer 8 purchased 5 tickets. Total Tickets : 55
2024-12-08 01:38:44 [INFO] Vendor 6 added 5 tickets. Total Tickets : 60
2024-12-08 01:38:44 [INFO] Vendor 5 added 5 tickets. Total Tickets : 65
2024-12-08 01:38:44 [INFO] Customer 5 purchased 5 tickets. Total Tickets : 60
2024-12-08 01:38:44 [INFO] Vendor 10 added 5 tickets. Total Tickets : 65
2024-12-08 01:38:44 [INFO] Customer 10 purchased 5 tickets. Total Tickets : 60
2024-12-08 01:38:44 [INFO] Vendor 3 added 5 tickets. Total Tickets : 65
2024-12-08 01:38:44 [INFO] Customer 9 purchased 5 tickets. Total Tickets : 60
2024-12-08 01:38:44 [INFO] Customer 6 purchased 5 tickets. Total Tickets : 55
2024-12-08 01:38:44 [INFO] Customer 2 purchased 5 tickets. Total Tickets : 50
2024-12-08 01:38:45 [INFO] Customer 1 purchased 5 tickets. Total Tickets : 45
2024-12-08 01:38:45 [INFO] Vendor 4 added 5 tickets. Total Tickets : 50
2024-12-08 01:38:45 [INFO] Vendor 9 added 5 tickets. Total Tickets : 55
2024-12-08 01:38:45 [INFO] Vendor 1 added 5 tickets. Total Tickets : 60
2024-12-08 01:38:45 [INFO] Customer 4 purchased 5 tickets. Total Tickets : 55
2024-12-08 01:38:45 [INFO] Vendor 7 added 5 tickets. Total Tickets : 60
2024-12-08 01:38:45 [INFO] Vendor 8 added 5 tickets. Total Tickets : 65
2024-12-08 01:38:45 [INFO] Vendor 6 added 5 tickets. Total Tickets : 70
2024-12-08 01:38:45 [INFO] Vendor 2 added 5 tickets. Total Tickets : 75
2024-12-08 01:38:45 [INFO] Customer 8 purchased 5 tickets. Total Tickets : 70
2024-12-08 01:38:45 [INFO] Customer 3 purchased 5 tickets. Total Tickets : 65
2024-12-08 01:38:45 [INFO] Customer 7 purchased 5 tickets. Total Tickets : 60
2024-12-08 01:38:45 [INFO] Customer 10 purchased 5 tickets. Total Tickets : 55
2024-12-08 01:38:45 [INFO] Vendor 10 added 5 tickets. Total Tickets : 60
2024-12-08 01:38:45 [INFO] Customer 5 purchased 5 tickets. Total Tickets : 55
2024-12-08 01:38:45 [INFO] Vendor 5 added 5 tickets. Total Tickets : 60
2024-12-08 01:38:45 [INFO] Customer 9 purchased 5 tickets. Total Tickets : 55
2024-12-08 01:38:45 [INFO] Customer 2 purchased 5 tickets. Total Tickets : 50
2024-12-08 01:38:45 [INFO] Vendor 3 added 5 tickets. Total Tickets : 55
2024-12-08 01:38:45 [INFO] Customer 6 purchased 5 tickets. Total Tickets : 50
2024-12-08 01:38:46 [INFO] Customer 1 purchased 5 tickets. Total Tickets : 45
2024-12-08 01:38:46 [INFO] Vendor 9 added 5 tickets. Total Tickets : 50
2024-12-08 01:38:46 [INFO] Customer 4 purchased 5 tickets. Total Tickets : 45
2024-12-08 01:38:46 [INFO] Vendor 4 added 5 tickets. Total Tickets : 50
2024-12-08 01:38:46 [INFO] Vendor 1 added 5 tickets. Total Tickets : 55
2024-12-08 01:38:46 [INFO] Vendor 8 added 5 tickets. Total Tickets : 60
2024-12-08 01:38:46 [INFO] Vendor 7 added 5 tickets. Total Tickets : 65
2024-12-08 01:38:46 [INFO] Vendor 6 added 5 tickets. Total Tickets : 70
2024-12-08 01:38:46 [INFO] Vendor 2 added 5 tickets. Total Tickets : 75
2024-12-08 01:38:46 [INFO] Customer 10 purchased 5 tickets. Total Tickets : 70
2024-12-08 01:38:46 [INFO] Vendor 10 added 5 tickets. Total Tickets : 75
2024-12-08 01:38:46 [INFO] Customer 8 purchased 5 tickets. Total Tickets : 70
2024-12-08 01:38:46 [INFO] Customer 3 purchased 5 tickets. Total Tickets : 65
2024-12-08 01:38:46 [INFO] Customer 7 purchased 5 tickets. Total Tickets : 60
2024-12-08 01:38:46 [INFO] Customer 5 purchased 5 tickets. Total Tickets : 55
2024-12-08 01:38:46 [INFO] Customer 9 purchased 5 tickets. Total Tickets : 50
2024-12-08 01:38:46 [INFO] Vendor 5 added 5 tickets. Total Tickets : 55
2024-12-08 01:38:46 [INFO] Customer 6 purchased 5 tickets. Total Tickets : 50
2024-12-08 01:38:46 [INFO] Customer 2 purchased 5 tickets. Total Tickets : 45
2024-12-08 01:38:46 [INFO] Vendor 3 added 5 tickets. Total Tickets : 50
2024-12-08 01:38:47 [INFO] Vendor 9 added 5 tickets. Total Tickets : 55
2024-12-08 01:38:47 [INFO] Customer 1 purchased 5 tickets. Total Tickets : 50
2024-12-08 01:38:47 [INFO] Vendor 4 added 5 tickets. Total Tickets : 55
2024-12-08 01:38:47 [INFO] Customer 4 purchased 5 tickets. Total Tickets : 50
2024-12-08 01:38:47 [INFO] Vendor 1 added 5 tickets. Total Tickets : 55
2024-12-08 01:38:47 [INFO] Vendor 6 added 5 tickets. Total Tickets : 60
2024-12-08 01:38:47 [INFO] Vendor 7 added 5 tickets. Total Tickets : 65
2024-12-08 01:38:47 [INFO] Vendor 8 added 5 tickets. Total Tickets : 70
2024-12-08 01:38:47 [INFO] Vendor 2 added 5 tickets. Total Tickets : 75
2024-12-08 01:38:47 [INFO] Customer 8 purchased 5 tickets. Total Tickets : 70
2024-12-08 01:38:47 [INFO] Customer 7 purchased 5 tickets. Total Tickets : 65
2024-12-08 01:38:47 [INFO] Vendor 10 added 5 tickets. Total Tickets : 70
2024-12-08 01:38:47 [INFO] Customer 10 purchased 5 tickets. Total Tickets : 65
2024-12-08 01:38:47 [INFO] Customer 3 purchased 5 tickets. Total Tickets : 60
2024-12-08 01:38:47 [INFO] Customer 6 purchased 5 tickets. Total Tickets : 55
2024-12-08 01:38:47 [INFO] Customer 5 purchased 5 tickets. Total Tickets : 50
2024-12-08 01:38:47 [INFO] Customer 9 purchased 5 tickets. Total Tickets : 45
2024-12-08 01:38:47 [INFO] Vendor 5 added 5 tickets. Total Tickets : 50
2024-12-08 01:38:47 [INFO] Vendor 3 added 5 tickets. Total Tickets : 55
2024-12-08 01:38:47 [INFO] Customer 2 purchased 5 tickets. Total Tickets : 50
2024-12-08 01:38:48 [INFO] Vendor 9 added 5 tickets. Total Tickets : 55
2024-12-08 01:38:48 [INFO] Customer 1 purchased 5 tickets. Total Tickets : 50
2024-12-08 01:38:48 [INFO] Vendor 6 added 5 tickets. Total Tickets : 55
2024-12-08 01:38:48 [INFO] Vendor 4 added 5 tickets. Total Tickets : 60
2024-12-08 01:38:48 [INFO] Customer 4 purchased 5 tickets. Total Tickets : 55
2024-12-08 01:38:48 [INFO] Vendor 1 added 5 tickets. Total Tickets : 60
2024-12-08 01:38:48 [INFO] Vendor 7 added 5 tickets. Total Tickets : 65
2024-12-08 01:38:48 [INFO] Vendor 8 added 5 tickets. Total Tickets : 70
2024-12-08 01:38:48 [INFO] Vendor 2 added 5 tickets. Total Tickets : 75
2024-12-08 01:38:48 [INFO] Customer 8 purchased 5 tickets. Total Tickets : 70
2024-12-08 01:38:48 [INFO] Customer 10 purchased 5 tickets. Total Tickets : 65
2024-12-08 01:38:48 [INFO] Vendor 10 added 5 tickets. Total Tickets : 70
2024-12-08 01:38:48 [INFO] Customer 7 purchased 5 tickets. Total Tickets : 65
2024-12-08 01:38:48 [INFO] Customer 5 purchased 5 tickets. Total Tickets : 60
2024-12-08 01:38:48 [INFO] Customer 6 purchased 5 tickets. Total Tickets : 55
2024-12-08 01:38:48 [INFO] Customer 3 purchased 5 tickets. Total Tickets : 50
2024-12-08 01:38:48 [INFO] Vendor 5 added 5 tickets. Total Tickets : 55
2024-12-08 01:38:48 [INFO] Customer 9 purchased 5 tickets. Total Tickets : 50
2024-12-08 01:38:48 [INFO] Vendor 3 added 5 tickets. Total Tickets : 55
2024-12-08 01:38:48 [INFO] Customer 2 purchased 5 tickets. Total Tickets : 50
2024-12-08 01:38:49 [INFO] Vendor 9 added 5 tickets. Total Tickets : 55
2024-12-08 01:38:49 [INFO] Customer 1 purchased 5 tickets. Total Tickets : 50
2024-12-08 01:38:49 [INFO] Vendor 1 added 5 tickets. Total Tickets : 55
2024-12-08 01:38:49 [INFO] Customer 4 purchased 5 tickets. Total Tickets : 50
2024-12-08 01:38:49 [INFO] Vendor 6 added 5 tickets. Total Tickets : 55
2024-12-08 01:38:49 [INFO] Vendor 4 added 5 tickets. Total Tickets : 60
2024-12-08 01:38:49 [INFO] Vendor 8 added 5 tickets. Total Tickets : 65
2024-12-08 01:38:49 [INFO] Vendor 7 added 5 tickets. Total Tickets : 70
2024-12-08 01:38:49 [INFO] Vendor 2 added 5 tickets. Total Tickets : 75
2024-12-08 01:38:49 [INFO] Customer 8 purchased 5 tickets. Total Tickets : 70
2024-12-08 01:38:49 [INFO] Customer 5 purchased 5 tickets. Total Tickets : 65
2024-12-08 01:38:49 [INFO] Customer 7 purchased 5 tickets. Total Tickets : 60
2024-12-08 01:38:49 [INFO] Vendor 10 added 5 tickets. Total Tickets : 65
2024-12-08 01:38:49 [INFO] Customer 10 purchased 5 tickets. Total Tickets : 60
2024-12-08 01:38:49 [INFO] Customer 9 purchased 5 tickets. Total Tickets : 55
2024-12-08 01:38:49 [INFO] Customer 6 purchased 5 tickets. Total Tickets : 50
2024-12-08 01:38:49 [INFO] Customer 3 purchased 5 tickets. Total Tickets : 45
2024-12-08 01:38:49 [INFO] Vendor 5 added 5 tickets. Total Tickets : 50
2024-12-08 01:38:49 [INFO] Vendor 3 added 5 tickets. Total Tickets : 55
2024-12-08 01:38:49 [INFO] Customer 2 purchased 5 tickets. Total Tickets : 50
2024-12-08 01:38:50 [INFO] Vendor 9 added 5 tickets. Total Tickets : 55
2024-12-08 01:38:50 [INFO] Customer 1 purchased 5 tickets. Total Tickets : 50
2024-12-08 01:38:50 [INFO] Vendor 4 added 5 tickets. Total Tickets : 55
2024-12-08 01:38:50 [INFO] Vendor 6 added 5 tickets. Total Tickets : 60
2024-12-08 01:38:50 [INFO] Customer 4 purchased 5 tickets. Total Tickets : 55
2024-12-08 01:38:50 [INFO] Vendor 1 added 5 tickets. Total Tickets : 60
2024-12-08 01:38:50 [INFO] Customer 10 purchased 5 tickets. Total Tickets : 55
2024-12-08 01:38:50 [INFO] Vendor 2 added 5 tickets. Total Tickets : 60
2024-12-08 01:38:50 [INFO] Vendor 8 added 5 tickets. Total Tickets : 65
2024-12-08 01:38:50 [INFO] Customer 7 purchased 5 tickets. Total Tickets : 60
2024-12-08 01:38:50 [INFO] Customer 5 purchased 5 tickets. Total Tickets : 55
2024-12-08 01:38:50 [INFO] Vendor 10 added 5 tickets. Total Tickets : 60
2024-12-08 01:38:50 [INFO] Customer 8 purchased 5 tickets. Total Tickets : 55
2024-12-08 01:38:50 [INFO] Vendor 7 added 5 tickets. Total Tickets : 60
2024-12-08 01:38:50 [INFO] Vendor 3 added 5 tickets. Total Tickets : 65
2024-12-08 01:38:50 [INFO] Customer 9 purchased 5 tickets. Total Tickets : 60
2024-12-08 01:38:50 [INFO] Customer 3 purchased 5 tickets. Total Tickets : 55
2024-12-08 01:38:50 [INFO] Customer 6 purchased 5 tickets. Total Tickets : 50
2024-12-08 01:38:50 [INFO] Vendor 5 added 5 tickets. Total Tickets : 55
2024-12-08 01:38:50 [INFO] Customer 2 purchased 5 tickets. Total Tickets : 50
2024-12-08 01:38:51 [INFO] Vendor 9 added 5 tickets. Total Tickets : 55
2024-12-08 01:38:51 [INFO] Customer 1 purchased 5 tickets. Total Tickets : 50
2024-12-08 01:38:51 [INFO] Vendor 4 added 5 tickets. Total Tickets : 55
2024-12-08 01:38:51 [INFO] Customer 4 purchased 5 tickets. Total Tickets : 50
2024-12-08 01:38:51 [INFO] Vendor 1 added 5 tickets. Total Tickets : 55
2024-12-08 01:38:51 [INFO] Vendor 6 added 5 tickets. Total Tickets : 60
2024-12-08 01:38:51 [INFO] Vendor 7 added 5 tickets. Total Tickets : 65
2024-12-08 01:38:51 [INFO] Customer 8 purchased 5 tickets. Total Tickets : 60
2024-12-08 01:38:51 [INFO] Customer 10 purchased 5 tickets. Total Tickets : 55
2024-12-08 01:38:51 [INFO] Vendor 2 added 5 tickets. Total Tickets : 60
2024-12-08 01:38:51 [INFO] Customer 5 purchased 5 tickets. Total Tickets : 55
2024-12-08 01:38:51 [INFO] Customer 7 purchased 5 tickets. Total Tickets : 50
2024-12-08 01:38:51 [INFO] Vendor 8 added 5 tickets. Total Tickets : 55
2024-12-08 01:38:51 [INFO] Vendor 10 added 5 tickets. Total Tickets : 60
2024-12-08 01:38:51 [INFO] Customer 6 purchased 5 tickets. Total Tickets : 55
2024-12-08 01:38:51 [INFO] Customer 3 purchased 5 tickets. Total Tickets : 50
2024-12-08 01:38:51 [INFO] Vendor 5 added 5 tickets. Total Tickets : 55
2024-12-08 01:38:51 [INFO] Customer 9 purchased 5 tickets. Total Tickets : 50
2024-12-08 01:38:51 [INFO] Vendor 3 added 5 tickets. Total Tickets : 55
2024-12-08 01:38:51 [INFO] Customer 2 purchased 5 tickets. Total Tickets : 50
2024-12-08 01:38:51 [WARN] Vendor 9 has been interruped/stopped
2024-12-08 01:38:51 [WARN] Customer 4 has been interruped/stopped
2024-12-08 01:38:51 [WARN] Customer 5 has been interruped/stopped
2024-12-08 01:38:51 [WARN] Customer 10 has been interruped/stopped
2024-12-08 01:38:51 [WARN] Vendor 5 has been interruped/stopped
2024-12-08 01:38:51 [WARN] Vendor 10 has been interruped/stopped
2024-12-08 01:38:51 [WARN] Customer 1 has been interruped/stopped
2024-12-08 01:38:51 [WARN] Customer 6 has been interruped/stopped
2024-12-08 01:38:51 [WARN] Customer 7 has been interruped/stopped
2024-12-08 01:38:51 [WARN] Customer 8 has been interruped/stopped
2024-12-08 01:38:51 [WARN] Customer 9 has been interruped/stopped
2024-12-08 01:38:51 [WARN] Vendor 2 has been interruped/stopped
2024-12-08 01:38:51 [WARN] Vendor 3 has been interruped/stopped
2024-12-08 01:38:51 [WARN] Vendor 8 has been interruped/stopped
2024-12-08 01:38:51 [WARN] Customer 3 has been interruped/stopped
2024-12-08 01:38:51 [WARN] Vendor 4 has been interruped/stopped
2024-12-08 01:38:51 [WARN] Vendor 7 has been interruped/stopped
2024-12-08 01:38:51 [WARN] Vendor 6 has been interruped/stopped
2024-12-08 01:38:51 [WARN] Customer 2 has been interruped/stopped
2024-12-08 01:38:51 [WARN] Vendor 1 has been interruped/stopped
2024-12-08 01:38:52 [INFO] Application stopped
2024-12-08 02:01:09 [INFO] Previous configuration loaded. [Total tickets : 50, Ticket Release Rate : 5, Customer Purchase Rate : 5, Max Ticket Capacity : 100]
2024-12-08 02:01:16 [INFO] Application starting...
2024-12-08 02:01:20 [INFO] Vendor 1 added 5 tickets. Total Tickets : 55
2024-12-08 02:01:20 [INFO] Customer 1 purchased 5 tickets. Total Tickets : 50
2024-12-08 02:01:20 [INFO] Customer 3 purchased 5 tickets. Total Tickets : 45
2024-12-08 02:01:20 [INFO] Vendor 2 added 5 tickets. Total Tickets : 50
2024-12-08 02:01:20 [INFO] Vendor 3 added 5 tickets. Total Tickets : 55
2024-12-08 02:01:20 [INFO] Customer 2 purchased 5 tickets. Total Tickets : 50
2024-12-08 02:01:21 [INFO] Vendor 2 added 5 tickets. Total Tickets : 55
2024-12-08 02:01:21 [INFO] Customer 3 purchased 5 tickets. Total Tickets : 50
2024-12-08 02:01:21 [INFO] Vendor 1 added 5 tickets. Total Tickets : 55
2024-12-08 02:01:21 [INFO] Customer 1 purchased 5 tickets. Total Tickets : 50
2024-12-08 02:01:21 [INFO] Vendor 3 added 5 tickets. Total Tickets : 55
2024-12-08 02:01:21 [INFO] Customer 2 purchased 5 tickets. Total Tickets : 50
2024-12-08 02:01:22 [INFO] Vendor 1 added 5 tickets. Total Tickets : 55
2024-12-08 02:01:22 [INFO] Customer 3 purchased 5 tickets. Total Tickets : 50
2024-12-08 02:01:22 [INFO] Vendor 2 added 5 tickets. Total Tickets : 55
2024-12-08 02:01:22 [INFO] Customer 1 purchased 5 tickets. Total Tickets : 50
2024-12-08 02:01:22 [INFO] Customer 2 purchased 5 tickets. Total Tickets : 45
2024-12-08 02:01:22 [INFO] Vendor 3 added 5 tickets. Total Tickets : 50
2024-12-08 02:01:23 [INFO] Vendor 1 added 5 tickets. Total Tickets : 55
2024-12-08 02:01:23 [INFO] Customer 3 purchased 5 tickets. Total Tickets : 50
2024-12-08 02:01:23 [INFO] Vendor 2 added 5 tickets. Total Tickets : 55
2024-12-08 02:01:23 [INFO] Customer 1 purchased 5 tickets. Total Tickets : 50
2024-12-08 02:01:23 [INFO] Customer 2 purchased 5 tickets. Total Tickets : 45
2024-12-08 02:01:23 [INFO] Vendor 3 added 5 tickets. Total Tickets : 50
2024-12-08 02:01:24 [INFO] Customer 1 purchased 5 tickets. Total Tickets : 45
2024-12-08 02:01:24 [INFO] Vendor 1 added 5 tickets. Total Tickets : 50
2024-12-08 02:01:24 [INFO] Customer 3 purchased 5 tickets. Total Tickets : 45
2024-12-08 02:01:24 [INFO] Vendor 2 added 5 tickets. Total Tickets : 50
2024-12-08 02:01:24 [INFO] Customer 2 purchased 5 tickets. Total Tickets : 45
2024-12-08 02:01:24 [INFO] Vendor 3 added 5 tickets. Total Tickets : 50
2024-12-08 02:01:25 [WARN] Vendor 3 has been stopped/interrupted
2024-12-08 02:01:25 [WARN] Customer 1 has been stopped/interrupted
2024-12-08 02:01:25 [WARN] Customer 2 has been stopped/interrupted
2024-12-08 02:01:25 [WARN] Customer 3 has been stopped/interrupted
2024-12-08 02:01:25 [WARN] Vendor 1 has been stopped/interrupted
2024-12-08 02:01:25 [WARN] Vendor 2 has been stopped/interrupted
2024-12-08 02:01:26 [INFO] Application stopped
2024-12-08 02:16:09 [INFO] Previous configuration loaded. [Total tickets : 50, Ticket Release Rate : 5, Customer Purchase Rate : 5, Max Ticket Capacity : 100]
2024-12-08 02:16:20 [INFO] Application starting...
2024-12-08 02:16:24 [INFO] Vendor 1 added 5 tickets. Total Tickets : 55
2024-12-08 02:16:24 [INFO] Customer 1 purchased 5 tickets. Total Tickets : 50
2024-12-08 02:16:24 [INFO] Customer 3 purchased 5 tickets. Total Tickets : 45
2024-12-08 02:16:24 [INFO] Vendor 3 added 5 tickets. Total Tickets : 50
2024-12-08 02:16:24 [INFO] Vendor 2 added 5 tickets. Total Tickets : 55
2024-12-08 02:16:24 [INFO] Customer 2 purchased 5 tickets. Total Tickets : 50
2024-12-08 02:16:25 [INFO] Vendor 1 added 5 tickets. Total Tickets : 55
2024-12-08 02:16:25 [INFO] Customer 3 purchased 5 tickets. Total Tickets : 50
2024-12-08 02:16:25 [INFO] Customer 1 purchased 5 tickets. Total Tickets : 45
2024-12-08 02:16:25 [INFO] Customer 2 purchased 5 tickets. Total Tickets : 40
2024-12-08 02:16:25 [INFO] Vendor 2 added 5 tickets. Total Tickets : 45
2024-12-08 02:16:25 [INFO] Vendor 3 added 5 tickets. Total Tickets : 50
2024-12-08 02:16:26 [INFO] Vendor 1 added 5 tickets. Total Tickets : 55
2024-12-08 02:16:26 [INFO] Customer 3 purchased 5 tickets. Total Tickets : 50
2024-12-08 02:16:26 [INFO] Customer 1 purchased 5 tickets. Total Tickets : 45
2024-12-08 02:16:26 [INFO] Customer 2 purchased 5 tickets. Total Tickets : 40
2024-12-08 02:16:26 [INFO] Vendor 2 added 5 tickets. Total Tickets : 45
2024-12-08 02:16:26 [INFO] Vendor 3 added 5 tickets. Total Tickets : 50
2024-12-08 02:16:27 [INFO] Vendor 1 added 5 tickets. Total Tickets : 55
2024-12-08 02:16:27 [INFO] Customer 3 purchased 5 tickets. Total Tickets : 50
2024-12-08 02:16:27 [INFO] Vendor 2 added 5 tickets. Total Tickets : 55
2024-12-08 02:16:27 [INFO] Customer 1 purchased 5 tickets. Total Tickets : 50
2024-12-08 02:16:27 [INFO] Customer 2 purchased 5 tickets. Total Tickets : 45
2024-12-08 02:16:27 [INFO] Vendor 3 added 5 tickets. Total Tickets : 50
2024-12-08 02:16:28 [INFO] Vendor 1 added 5 tickets. Total Tickets : 55
2024-12-08 02:16:28 [INFO] Customer 3 purchased 5 tickets. Total Tickets : 50
2024-12-08 02:16:28 [INFO] Vendor 2 added 5 tickets. Total Tickets : 55
2024-12-08 02:16:28 [INFO] Customer 1 purchased 5 tickets. Total Tickets : 50
2024-12-08 02:16:28 [INFO] Customer 2 purchased 5 tickets. Total Tickets : 45
2024-12-08 02:16:28 [INFO] Vendor 3 added 5 tickets. Total Tickets : 50
2024-12-08 02:16:29 [INFO] Customer 3 purchased 5 tickets. Total Tickets : 45
2024-12-08 02:16:29 [INFO] Vendor 1 added 5 tickets. Total Tickets : 50
2024-12-08 02:16:29 [INFO] Vendor 2 added 5 tickets. Total Tickets : 55
2024-12-08 02:16:29 [INFO] Customer 1 purchased 5 tickets. Total Tickets : 50
2024-12-08 02:16:29 [INFO] Customer 2 purchased 5 tickets. Total Tickets : 45
2024-12-08 02:16:29 [INFO] Vendor 3 added 5 tickets. Total Tickets : 50
2024-12-08 02:16:30 [INFO] Customer 3 purchased 5 tickets. Total Tickets : 45
2024-12-08 02:16:30 [INFO] Vendor 1 added 5 tickets. Total Tickets : 50
2024-12-08 02:16:30 [INFO] Vendor 2 added 5 tickets. Total Tickets : 55
2024-12-08 02:16:30 [INFO] Customer 1 purchased 5 tickets. Total Tickets : 50
2024-12-08 02:16:30 [INFO] Customer 2 purchased 5 tickets. Total Tickets : 45
2024-12-08 02:16:30 [INFO] Vendor 3 added 5 tickets. Total Tickets : 50
2024-12-08 02:16:31 [INFO] Customer 3 purchased 5 tickets. Total Tickets : 45
2024-12-08 02:16:31 [INFO] Vendor 1 added 5 tickets. Total Tickets : 50
2024-12-08 02:16:31 [INFO] Vendor 2 added 5 tickets. Total Tickets : 55
2024-12-08 02:16:31 [INFO] Customer 1 purchased 5 tickets. Total Tickets : 50
2024-12-08 02:16:31 [INFO] Customer 2 purchased 5 tickets. Total Tickets : 45
2024-12-08 02:16:31 [INFO] Vendor 3 added 5 tickets. Total Tickets : 50
2024-12-08 02:16:32 [INFO] Customer 1 purchased 5 tickets. Total Tickets : 45
2024-12-08 02:16:32 [INFO] Customer 3 purchased 5 tickets. Total Tickets : 40
2024-12-08 02:16:32 [INFO] Vendor 1 added 5 tickets. Total Tickets : 45
2024-12-08 02:16:32 [INFO] Vendor 2 added 5 tickets. Total Tickets : 50
2024-12-08 02:16:32 [INFO] Customer 2 purchased 5 tickets. Total Tickets : 45
2024-12-08 02:16:32 [INFO] Vendor 3 added 5 tickets. Total Tickets : 50
2024-12-08 02:16:33 [INFO] Customer 1 purchased 5 tickets. Total Tickets : 45
2024-12-08 02:16:33 [INFO] Vendor 1 added 5 tickets. Total Tickets : 50
2024-12-08 02:16:33 [INFO] Customer 2 purchased 5 tickets. Total Tickets : 45
2024-12-08 02:16:33 [INFO] Customer 3 purchased 5 tickets. Total Tickets : 40
2024-12-08 02:16:33 [INFO] Vendor 2 added 5 tickets. Total Tickets : 45
2024-12-08 02:16:33 [INFO] Vendor 3 added 5 tickets. Total Tickets : 50
2024-12-08 02:16:33 [INFO] Customer 3 has been stopped
2024-12-08 02:16:33 [INFO] Vendor 2 has been stopped
2024-12-08 02:16:33 [INFO] Customer 2 has been stopped
2024-12-08 02:16:33 [INFO] Customer 1 has been stopped
2024-12-08 02:16:33 [INFO] Vendor 3 has been stopped
2024-12-08 02:16:33 [INFO] Vendor 1 has been stopped
2024-12-08 02:16:34 [INFO] Application stopped
